<?xml version='1.0' encoding='UTF-8' ?>
<testsuite name="com.example.dogglers.HorizontalListTests" tests="4" failures="0" errors="0" skipped="0" time="8.726" timestamp="2022-03-25T13:26:37" hostname="localhost">
  <properties>
    <property name="device" value="Pixel_API_28(AVD) - 9" />
    <property name="flavor" value="" />
    <property name="project" value="app" />
  </properties>
  <testcase name="recycler_view_item_count" classname="com.example.dogglers.HorizontalListTests" time="2.308" />
  <testcase name="horizontal_scrolling" classname="com.example.dogglers.HorizontalListTests" time="2.041" />
  <testcase name="horizontal_scroll_content_at_last_position" classname="com.example.dogglers.HorizontalListTests" time="1.082" />
  <testcase name="horizontal_scroll_content_at_first_position" classname="com.example.dogglers.HorizontalListTests" time="1.411" />
</testsuite>